cabal: Entering directory '/tmp/cabal-tmp-296096/profunctors-5.6'
Configuring profunctors-5.6...
Preprocessing library for profunctors-5.6..
Building library for profunctors-5.6..
[ 1 of 16] Compiling Data.Profunctor.Unsafe ( src/Data/Profunctor/Unsafe.hs, dist/dist-sandbox-69b9cdf0/build/Data/Profunctor/Unsafe.o )
[ 2 of 16] Compiling Data.Profunctor.Types ( src/Data/Profunctor/Types.hs, dist/dist-sandbox-69b9cdf0/build/Data/Profunctor/Types.o )
[ 3 of 16] Compiling Data.Profunctor.Monad ( src/Data/Profunctor/Monad.hs, dist/dist-sandbox-69b9cdf0/build/Data/Profunctor/Monad.o )
[ 4 of 16] Compiling Data.Profunctor.Adjunction ( src/Data/Profunctor/Adjunction.hs, dist/dist-sandbox-69b9cdf0/build/Data/Profunctor/Adjunction.o )
[ 5 of 16] Compiling Data.Profunctor.Strong ( src/Data/Profunctor/Strong.hs, dist/dist-sandbox-69b9cdf0/build/Data/Profunctor/Strong.o )
[ 6 of 16] Compiling Data.Profunctor.Closed ( src/Data/Profunctor/Closed.hs, dist/dist-sandbox-69b9cdf0/build/Data/Profunctor/Closed.o )
[ 7 of 16] Compiling Data.Profunctor.Choice ( src/Data/Profunctor/Choice.hs, dist/dist-sandbox-69b9cdf0/build/Data/Profunctor/Choice.o )
[ 8 of 16] Compiling Data.Profunctor.Traversing ( src/Data/Profunctor/Traversing.hs, dist/dist-sandbox-69b9cdf0/build/Data/Profunctor/Traversing.o )
[ 9 of 16] Compiling Data.Profunctor.Mapping ( src/Data/Profunctor/Mapping.hs, dist/dist-sandbox-69b9cdf0/build/Data/Profunctor/Mapping.o )
[10 of 16] Compiling Data.Profunctor  ( src/Data/Profunctor.hs, dist/dist-sandbox-69b9cdf0/build/Data/Profunctor.o )
[11 of 16] Compiling Data.Profunctor.Sieve ( src/Data/Profunctor/Sieve.hs, dist/dist-sandbox-69b9cdf0/build/Data/Profunctor/Sieve.o )
[12 of 16] Compiling Data.Profunctor.Rep ( src/Data/Profunctor/Rep.hs, dist/dist-sandbox-69b9cdf0/build/Data/Profunctor/Rep.o )
[13 of 16] Compiling Data.Profunctor.Composition ( src/Data/Profunctor/Composition.hs, dist/dist-sandbox-69b9cdf0/build/Data/Profunctor/Composition.o )
[14 of 16] Compiling Data.Profunctor.Ran ( src/Data/Profunctor/Ran.hs, dist/dist-sandbox-69b9cdf0/build/Data/Profunctor/Ran.o )
[15 of 16] Compiling Data.Profunctor.Cayley ( src/Data/Profunctor/Cayley.hs, dist/dist-sandbox-69b9cdf0/build/Data/Profunctor/Cayley.o )
[16 of 16] Compiling Data.Profunctor.Yoneda ( src/Data/Profunctor/Yoneda.hs, dist/dist-sandbox-69b9cdf0/build/Data/Profunctor/Yoneda.o )
Installing library in /home/rbren/git/haskell-physics/.cabal-sandbox/lib/x86_64-linux-ghc-8.6.5/profunctors-5.6-4Hfg7NUrzTzGZjTmiNYHNy
cabal: Leaving directory '/tmp/cabal-tmp-296096/profunctors-5.6'
